Autoloading python/3.8.3
Autoloading hpe-mpi/2.25.hmpt
Autoloading cuda/11.0.2
numprocs=80
NEURON -- VERSION 8.0a-675-g1b3223fec+ HEAD (1b3223fec+) 2021-10-13
Duke, Yale, and the BlueBrain Project -- Copyright 1984-2021
See http://neuron.yale.edu/neuron/credits

Additional mechanisms from files
 "mod/ampanmda.mod" "mod/distrt.mod" "mod/fi.mod" "mod/fi_stdp.mod" "mod/gap.mod" "mod/Gfluct.mod" "mod/kamt.mod" "mod/kdrmt.mod" "mod/ks.mod" "mod/naxn.mod" "mod/orn.mod" "mod/ostimhelper.mod" "mod/ThreshDetect.mod"
init time = 0
determine_connections  6.890000104904175
net_mitral_centric after import mgrs elapsedtime 6.9
1800 mitrals created and connections to mitrals determined elapsedtime 0.91
Mitral 1689641 and mTufted 0 cells connection infos. generated (it=6,err=0.00479%) elapsedtime 40.91
rank_gconnections known elapsedtime 0.0699999
granule gids known on each rank elapsedtime 0
mk_gconnection_info (#granules = 189610) elapsedtime 0
mitrals registered elapsedtime 0.00999999
0 blanes created elapsedtime 0
blanes registered elapsedtime 0
189610 granules built elapsedtime 0.15
granules registered elapsedtime 0.03
0 middle tufted to blanes connections generated elapsedtime 0
	189610 granules are generated elapsedtime 0
0 blanes to granule connections generated elapsedtime 0.28
nmultiple =  3379282
3379282 ThreshDetect for reciprocalsynapses constructed elapsedtime 3.67
0 mt to bc elapsedtime 0
0 bc to gc elapsedtime 0
build_net_round_robin elapsedtime 0
round robin setuptime  52.920000076293945
build_subnet_round_robin  46.02999997138977
Gap junctions built elapsedtime 0.05
NetCon count =  3379282
Total # compartments =  4881974
OdorStim Onion start=50 dur=1000 conc=1e+09
total setup time  53.02999997138977
mindelay = 1
t=0 wall interval 0.87
cvode active= False
weights reset not active
init time = 0
t=200.016 wall interval 355.22
t=400.031 wall interval 353.98
t=600.047 wall interval 353.24
t=800.062 wall interval 352.48
t=1000.08 wall interval 351.15
init time = 0
init time = 0
init time = 0
init time = 0
init time = 0
init time = 0
init time = 0
init time = 0
init time = 0
init time = 0
init time = 0
init time = 0
init time = 0
init time = 0
init time = 0
init time = 0
init time = 0
init time = 0
init time = 0
init time = 0
init time = 0
init time = 0
init time = 0
init time = 0
init time = 0
init time = 0
init time = 0
init time = 0
init time = 0
init time = 0
init time = 0
init time = 0
init time = 0
init time = 0
init time = 0
init time = 0
init time = 0
init time = 0
init time = 0
init time = 0
init time = 0
init time = 0
init time = 0
init time = 0
init time = 0
init time = 0
init time = 0
init time = 0
init time = 0
init time = 0
init time = 0
init time = 0
init time = 0
init time = 0
init time = 0
init time = 0
init time = 0
init time = 0
init time = 0
init time = 0
init time = 0
init time = 0
init time = 0
init time = 0
init time = 0
init time = 0
init time = 0
init time = 0
init time = 0
init time = 0
init time = 0
init time = 0
init time = 0
init time = 0
init time = 0
init time = 0
init time = 0
init time = 0
spike2file call#1 spikes=24907995 sorted using 10 ranks, writing to 1 files in 774.23 sec
Solver time : 1853.38
runtime = 2641.29
Load Balance = 0.923095

              comp          spk        split          gap 
 avg       1702.50        10.99         0.00       138.80 
 max       1844.34        19.00         0.00       453.54 
weight_files nrn_cpu.weight.dat.[0:64] write time 9.75 s
vm recorded  write time 0 elapsedtime 2652.09
total elapsed time  2705.079999923706
rm: cannot remove ‘nrn_cpu.*’: No such file or directory
