Autoloading python/3.8.3
Autoloading cuda/11.0.2
numprocs=80
NEURON -- VERSION 8.0a-675-g1b3223fec+ HEAD (1b3223fec+) 2021-10-13
Duke, Yale, and the BlueBrain Project -- Copyright 1984-2021
See http://neuron.yale.edu/neuron/credits

Additional mechanisms from files
 "mod/ampanmda.mod" "mod/distrt.mod" "mod/fi.mod" "mod/fi_stdp.mod" "mod/gap.mod" "mod/Gfluct.mod" "mod/kamt.mod" "mod/kdrmt.mod" "mod/ks.mod" "mod/naxn.mod" "mod/orn.mod" "mod/ostimhelper.mod" "mod/ThreshDetect.mod"
determine_connections  6.759999990463257
net_mitral_centric after import mgrs elapsedtime 7.15
1800 mitrals created and connections to mitrals determined elapsedtime 2.74
Mitral 1689641 and mTufted 0 cells connection infos. generated (it=6,err=0.00479%) elapsedtime 40.15
rank_gconnections known elapsedtime 0.0699999
granule gids known on each rank elapsedtime 0.00999999
mk_gconnection_info (#granules = 189610) elapsedtime 0
mitrals registered elapsedtime 0
0 blanes created elapsedtime 0
blanes registered elapsedtime 0
189610 granules built elapsedtime 0.15
granules registered elapsedtime 0.02
0 middle tufted to blanes connections generated elapsedtime 0.00999999
	189610 granules are generated elapsedtime 0
0 blanes to granule connections generated elapsedtime 1.19
nmultiple =  3379282
3379282 ThreshDetect for reciprocalsynapses constructed elapsedtime 3.53
0 mt to bc elapsedtime 0
0 bc to gc elapsedtime 0
build_net_round_robin elapsedtime 0
round robin setuptime  54.90000009536743
build_subnet_round_robin  47.87000012397766
Gap junctions built elapsedtime 0.04
NetCon count =  3379282
Total # compartments =  4881974
OdorStim Onion start=50 dur=1000 conc=1e+09
total setup time  55.200000047683716
mindelay = 1
t=0 wall interval 0.86
cvode active= False
weights reset not active
init time = 0
t=200.016 wall interval 344.2
t=400.031 wall interval 345.58
t=600.047 wall interval 344.52
t=800.062 wall interval 344.41
t=1000.08 wall interval 344.06
init time = 0
init time = 0
init time = 0
init time = 0
init time = 0
init time = 0
init time = 0
init time = 0
init time = 0
init time = 0
init time = 0
init time = 0
init time = 0
init time = 0
init time = 0
init time = 0
init time = 0
init time = 0
init time = 0
init time = 0
init time = 0
init time = 0
init time = 0
init time = 0
init time = 0
init time = 0
init time = 0
init time = 0
init time = 0
init time = 0
init time = 0
init time = 0
init time = 0
init time = 0
init time = 0
init time = 0
init time = 0
init time = 0
init time = 0
init time = 0
init time = 0
init time = 0
init time = 0
init time = 0
init time = 0
init time = 0
init time = 0
init time = 0
init time = 0
init time = 0
init time = 0
init time = 0
init time = 0
init time = 0
init time = 0
init time = 0
init time = 0
init time = 0
init time = 0
init time = 0
init time = 0
init time = 0
init time = 0
init time = 0
init time = 0
init time = 0
init time = 0
init time = 0
init time = 0
init time = 0
init time = 0
init time = 0
init time = 0
init time = 0
init time = 0
init time = 0
init time = 0
init time = 0
init time = 0
spike2file call#1 spikes=24907995 sorted using 10 ranks, writing to 1 files in 22.8 sec
Solver time : 1808.44
runtime = 1846.25
Load Balance = 0.948519

              comp          spk        split          gap 
 avg       1699.33         9.66         0.00        98.40 
 max       1791.56        14.58         0.00       194.08 
weight_files nrn_cpu.weight.dat.[0:64] write time 11.75 s
vm recorded  write time 0 elapsedtime 1859.05
total elapsed time  1914.2300000190735
